\BOOKMARK [1][-]{section.1}{\376\377\227\000\154\102\122\006\147\220}{}% 1
\BOOKMARK [2][-]{subsection.1.1}{\376\377\230\171\166\356\200\314\146\157}{section.1}% 2
\BOOKMARK [2][-]{subsection.1.2}{\376\377\133\236\163\260\162\171\140\047}{section.1}% 3
\BOOKMARK [3][-]{subsubsection.1.2.1}{\376\377\165\050\142\067\173\241\164\006}{subsection.1.2}% 4
\BOOKMARK [3][-]{subsubsection.1.2.2}{\376\377\213\242\123\125\173\241\164\006}{subsection.1.2}% 5
\BOOKMARK [3][-]{subsubsection.1.2.3}{\376\377\133\241\150\070\174\373\176\337}{subsection.1.2}% 6
\BOOKMARK [3][-]{subsubsection.1.2.4}{\376\377\227\136\122\237\200\375\227\000\154\102}{subsection.1.2}% 7
\BOOKMARK [2][-]{subsection.1.3}{\376\377\165\050\117\213}{section.1}% 8
\BOOKMARK [3][-]{subsubsection.1.3.1}{\376\377\165\050\142\067\173\241\164\006}{subsection.1.3}% 9
\BOOKMARK [3][-]{subsubsection.1.3.2}{\376\377\213\242\123\125\173\241\164\006}{subsection.1.3}% 10
\BOOKMARK [3][-]{subsubsection.1.3.3}{\376\377\133\241\150\070\174\373\176\337}{subsection.1.3}% 11
\BOOKMARK [2][-]{subsection.1.4}{\376\377\116\244\116\222\155\101\172\013}{section.1}% 12
\BOOKMARK [1][-]{section.2}{\376\377\152\041\127\127\123\312\143\245\123\343\213\276\213\241}{}% 13
\BOOKMARK [2][-]{subsection.2.1}{\376\377\165\050\142\067\152\041\127\127}{section.2}% 14
\BOOKMARK [3][-]{subsubsection.2.1.1}{\376\377\154\350\121\214}{subsection.2.1}% 15
\BOOKMARK [3][-]{subsubsection.2.1.2}{\376\377\166\173\137\125}{subsection.2.1}% 16
\BOOKMARK [3][-]{subsubsection.2.1.3}{\376\377\117\356\145\071\117\341\140\157}{subsection.2.1}% 17
\BOOKMARK [3][-]{subsubsection.2.1.4}{\376\377\165\050\142\067\200\112\131\051}{subsection.2.1}% 18
\BOOKMARK [2][-]{subsection.2.2}{\376\377\213\242\123\125\152\041\127\127}{section.2}% 19
\BOOKMARK [3][-]{subsubsection.2.2.1}{\376\377\155\373\122\240\213\242\123\125}{subsection.2.2}% 20
\BOOKMARK [3][-]{subsubsection.2.2.2}{\376\377\213\242\123\125\144\315\117\134}{subsection.2.2}% 21
\BOOKMARK [3][-]{subsubsection.2.2.3}{\376\377\213\242\123\125\176\323\173\227}{subsection.2.2}% 22
\BOOKMARK [2][-]{subsection.2.3}{\376\377\173\241\164\006\124\130\152\041\127\127}{section.2}% 23
\BOOKMARK [3][-]{subsubsection.2.3.1}{\376\377\000a\000d\000m\000i\000n}{subsection.2.3}% 24
\BOOKMARK [3][-]{subsubsection.2.3.2}{\376\377\133\241\150\070\124\130\144\315\117\134}{subsection.2.3}% 25
\BOOKMARK [3][-]{subsubsection.2.3.3}{\376\377\213\242\123\125\133\241\150\070}{subsection.2.3}% 26
\BOOKMARK [1][-]{section.3}{\376\377\145\160\143\156\136\223\213\276\213\241}{}% 27
\BOOKMARK [2][-]{subsection.3.1}{\376\377\165\050\142\067\210\150}{section.3}% 28
\BOOKMARK [2][-]{subsection.3.2}{\376\377\126\336\173\124\200\005\210\150}{section.3}% 29
\BOOKMARK [2][-]{subsection.3.3}{\376\377\213\242\123\125\210\150}{section.3}% 30
\BOOKMARK [2][-]{subsection.3.4}{\376\377\173\241\164\006\124\130\210\150}{section.3}% 31
\BOOKMARK [2][-]{subsection.3.5}{\376\377\174\373\176\337\123\302\145\160\210\150}{section.3}% 32
